Release 10.1.03 Map K.39 (lin)
Xilinx Mapping Report File for Design 'ten2four'

Design Information
------------------
Command Line   : map -ise /home/derek/iseproject/ten2four/ten2four.ise -intstyle
ise -p xc2s100-tq144-5 -cm area -pr off -k 4 -c 100 -tx off -o ten2four_map.ncd
ten2four.ngd ten2four.pcf 
Target Device  : xc2s100
Target Package : tq144
Target Speed   : -5
Mapper Version : spartan2 -- $Revision: 1.46.12.2 $
Mapped Date    : Wed Jul 31 14:58:03 2013

Design Summary
--------------
Number of errors:      0
Number of warnings:    0
Logic Utilization:
  Number of 4 input LUTs:            22 out of  2,400    1%
Logic Distribution:
    Number of occupied Slices:                          12 out of  1,200    1%
    Number of Slices containing only related logic:     12 out of     12  100%
    Number of Slices containing unrelated logic:         0 out of     12    0%
        *See NOTES below for an explanation of the effects of unrelated logic
Total Number of 4 input LUTs:        22 out of  2,400    1%
   Number of bonded IOBs:            18 out of     92   19%

Peak Memory Usage:  130 MB
Total REAL time to MAP completion:  0 secs 
Total CPU time to MAP completion:   0 secs 

NOTES:

   Related logic is defined as being logic that shares connectivity - e.g. two
   LUTs are "related" if they share common inputs.  When assembling slices,
   Map gives priority to combine logic that is related.  Doing so results in
   the best timing performance.

   Unrelated logic shares no connectivity.  Map will only begin packing
   unrelated logic into a slice once 99% of the slices are occupied through
   related logic packing.

   Note that once logic distribution reaches the 99% level through related
   logic packing, this does not mean the device is completely utilized.
   Unrelated logic packing will then begin, continuing until all usable LUTs
   and FFs are occupied.  Depending on your timing budget, increased levels of
   unrelated logic packing may adversely affect the overall timing performance
   of your design.

Table of Contents
-----------------
Section 1 - Errors
Section 2 - Warnings
Section 3 - Informational
Section 4 - Removed Logic Summary
Section 5 - Removed Logic
Section 6 - IOB Properties
Section 7 - RPMs
Section 8 - Guide Report
Section 9 - Area Group and Partition Summary
Section 10 - Modular Design Summary
Section 11 - Timing Report
Section 12 - Configuration String Information
Section 13 - Control Set Information
Section 14 - Utilization by Hierarchy

Section 1 - Errors
------------------

Section 2 - Warnings
--------------------

Section 3 - Informational
-------------------------
INFO:MapLib:562 - No environment variables are currently set.
INFO:LIT:244 - All of the single ended outputs in this design are using slew
   rate limited output drivers. The delay on speed critical single ended outputs
   can be dramatically reduced by designating them as fast outputs.

Section 4 - Removed Logic Summary
---------------------------------
   1 block(s) optimized away

Section 5 - Removed Logic
-------------------------

Optimized Block(s):
TYPE 		BLOCK
GND 		XST_GND

Section 6 - IOB Properties
--------------------------

+------------------------------------------------------------------------------------------------------------------------+
| IOB Name                           | Type    | Direction | IO Standard | Drive    | Slew | Reg (s)  | Resistor | IOB   |
|                                    |         |           |             | Strength | Rate |          |          | Delay |
+------------------------------------------------------------------------------------------------------------------------+
| indata<0>                          | IOB     | INPUT     | LVTTL       |          |      |          |          |       |
| indata<1>                          | IOB     | INPUT     | LVTTL       |          |      |          |          |       |
| indata<2>                          | IOB     | INPUT     | LVTTL       |          |      |          |          |       |
| indata<3>                          | IOB     | INPUT     | LVTTL       |          |      |          |          |       |
| indata<4>                          | IOB     | INPUT     | LVTTL       |          |      |          |          |       |
| indata<5>                          | IOB     | INPUT     | LVTTL       |          |      |          |          |       |
| indata<6>                          | IOB     | INPUT     | LVTTL       |          |      |          |          |       |
| indata<7>                          | IOB     | INPUT     | LVTTL       |          |      |          |          |       |
| indata<8>                          | IOB     | INPUT     | LVTTL       |          |      |          |          |       |
| indata<9>                          | IOB     | INPUT     | LVTTL       |          |      |          |          |       |
| outdata<0>                         | IOB     | OUTPUT    | LVTTL       | 12       | SLOW |          |          |       |
| outdata<1>                         | IOB     | OUTPUT    | LVTTL       | 12       | SLOW |          |          |       |
| outdata<2>                         | IOB     | OUTPUT    | LVTTL       | 12       | SLOW |          |          |       |
| outdata<3>                         | IOB     | OUTPUT    | LVTTL       | 12       | SLOW |          |          |       |
| outdata<4>                         | IOB     | OUTPUT    | LVTTL       | 12       | SLOW |          |          |       |
| outdata<5>                         | IOB     | OUTPUT    | LVTTL       | 12       | SLOW |          |          |       |
| outdata<6>                         | IOB     | OUTPUT    | LVTTL       | 12       | SLOW |          |          |       |
| outdata<7>                         | IOB     | OUTPUT    | LVTTL       | 12       | SLOW |          |          |       |
+------------------------------------------------------------------------------------------------------------------------+

Section 7 - RPMs
----------------

Section 8 - Guide Report
------------------------
Guide not run on this design.

Section 9 - Area Group and Partition Summary
--------------------------------------------

Area Group Information
----------------------

  No area groups were found in this design.

----------------------

Section 10 - Modular Design Summary
-----------------------------------
Modular Design not used for this design.

Section 11 - Timing Report
--------------------------
No timing report for this architecture.

Section 12 - Configuration String Details
-----------------------------------------
Use the "-detail" map option to print out Configuration Strings

Section 13 - Control Set Information
------------------------------------
No control set information for this architecture.
