Release 10.1.03 Map K.39 (lin)
Xilinx Mapping Report File for Design 'pcieth'

Design Information
------------------
Command Line   : map -ise /home/derek/pci-eth-fpga/pcieth/ise/pcieth.ise
-intstyle ise -p xc2s100-tq144-5 -cm area -pr off -k 4 -c 100 -tx off -o
pcieth_map.ncd pcieth.ngd pcieth.pcf 
Target Device  : xc2s100
Target Package : tq144
Target Speed   : -5
Mapper Version : spartan2 -- $Revision: 1.46.12.2 $
Mapped Date    : Mon Aug 26 17:20:37 2013

Design Summary
--------------
Number of errors:      0
Number of warnings:    1
Logic Utilization:
  Total Number Slice Registers:     240 out of  2,400   10%
    Number used as Flip Flops:                    208
    Number used as Latches:                        32
  Number of 4 input LUTs:           190 out of  2,400    7%
Logic Distribution:
    Number of occupied Slices:                         214 out of  1,200   17%
    Number of Slices containing only related logic:    214 out of    214  100%
    Number of Slices containing unrelated logic:         0 out of    214    0%
        *See NOTES below for an explanation of the effects of unrelated logic
Total Number of 4 input LUTs:          279 out of  2,400   11%
      Number used as logic:                       190
      Number used as a route-thru:                 41
      Number used as Shift registers:              48
   Number of bonded IOBs:            71 out of     92   77%
      IOB Latches:                                  8
   Number of Block RAMs:              3 out of     10   30%
   Number of GCLKs:                   3 out of      4   75%
   Number of GCLKIOBs:                2 out of      4   50%

Peak Memory Usage:  134 MB
Total REAL time to MAP completion:  0 secs 
Total CPU time to MAP completion:   0 secs 

NOTES:

   Related logic is defined as being logic that shares connectivity - e.g. two
   LUTs are "related" if they share common inputs.  When assembling slices,
   Map gives priority to combine logic that is related.  Doing so results in
   the best timing performance.

   Unrelated logic shares no connectivity.  Map will only begin packing
   unrelated logic into a slice once 99% of the slices are occupied through
   related logic packing.

   Note that once logic distribution reaches the 99% level through related
   logic packing, this does not mean the device is completely utilized.
   Unrelated logic packing will then begin, continuing until all usable LUTs
   and FFs are occupied.  Depending on your timing budget, increased levels of
   unrelated logic packing may adversely affect the overall timing performance
   of your design.

Table of Contents
-----------------
Section 1 - Errors
Section 2 - Warnings
Section 3 - Informational
Section 4 - Removed Logic Summary
Section 5 - Removed Logic
Section 6 - IOB Properties
Section 7 - RPMs
Section 8 - Guide Report
Section 9 - Area Group and Partition Summary
Section 10 - Modular Design Summary
Section 11 - Timing Report
Section 12 - Configuration String Information
Section 13 - Control Set Information
Section 14 - Utilization by Hierarchy

Section 1 - Errors
------------------

Section 2 - Warnings
--------------------
WARNING:PhysDesignRules:372 - Gated clock. Clock net PCI_TransferWrite is
   sourced by a combinatorial pin. This is not good design practice. Use the CE
   pin to control the loading of data into the flip-flop.

Section 3 - Informational
-------------------------
INFO:MapLib:562 - No environment variables are currently set.
INFO:LIT:244 - All of the single ended outputs in this design are using slew
   rate limited output drivers. The delay on speed critical single ended outputs
   can be dramatically reduced by designating them as fast outputs.

Section 4 - Removed Logic Summary
---------------------------------
  50 block(s) optimized away

Section 5 - Removed Logic
-------------------------

Optimized Block(s):
TYPE 		BLOCK
GND 		XST_GND
VCC 		XST_VCC

To enable printing of redundant blocks removed and signals merged, set the
detailed map report option and rerun map.

Section 6 - IOB Properties
--------------------------

+------------------------------------------------------------------------------------------------------------------------+
| IOB Name                           | Type    | Direction | IO Standard | Drive    | Slew | Reg (s)  | Resistor | IOB   |
|                                    |         |           |             | Strength | Rate |          |          | Delay |
+------------------------------------------------------------------------------------------------------------------------+
| CLK24                              | GCLKIOB | INPUT     | LVTTL       |          |      |          |          |       |
| PCI_CLK                            | GCLKIOB | INPUT     | PCI33_5     |          |      |          |          |       |
| LED<0>                             | IOB     | OUTPUT    | LVTTL       | 12       | SLOW |          |          |       |
| LED<1>                             | IOB     | OUTPUT    | LVTTL       | 12       | SLOW |          |          |       |
| LOW_data<0>                        | IOB     | OUTPUT    | LVTTL       | 12       | SLOW | OUTLATCH |          |       |
| LOW_data<1>                        | IOB     | OUTPUT    | LVTTL       | 12       | SLOW | OUTLATCH |          |       |
| LOW_data<2>                        | IOB     | OUTPUT    | LVTTL       | 12       | SLOW | OUTLATCH |          |       |
| LOW_data<3>                        | IOB     | OUTPUT    | LVTTL       | 12       | SLOW | OUTLATCH |          |       |
| LOW_data<4>                        | IOB     | OUTPUT    | LVTTL       | 12       | SLOW | OUTLATCH |          |       |
| LOW_data<5>                        | IOB     | OUTPUT    | LVTTL       | 12       | SLOW | OUTLATCH |          |       |
| LOW_data<6>                        | IOB     | OUTPUT    | LVTTL       | 12       | SLOW | OUTLATCH |          |       |
| LOW_data<7>                        | IOB     | OUTPUT    | LVTTL       | 12       | SLOW | OUTLATCH |          |       |
| LOW_r                              | IOB     | OUTPUT    | LVTTL       | 12       | SLOW |          |          |       |
| LOW_w                              | IOB     | OUTPUT    | LVTTL       | 12       | SLOW |          |          |       |
| PCI_AD<0>                          | IOB     | BIDIR     | PCI33_5     |          |      |          |          |       |
| PCI_AD<1>                          | IOB     | BIDIR     | PCI33_5     |          |      |          |          |       |
| PCI_AD<2>                          | IOB     | BIDIR     | PCI33_5     |          |      |          |          |       |
| PCI_AD<3>                          | IOB     | BIDIR     | PCI33_5     |          |      |          |          |       |
| PCI_AD<4>                          | IOB     | BIDIR     | PCI33_5     |          |      |          |          |       |
| PCI_AD<5>                          | IOB     | BIDIR     | PCI33_5     |          |      |          |          |       |
| PCI_AD<6>                          | IOB     | BIDIR     | PCI33_5     |          |      |          |          |       |
| PCI_AD<7>                          | IOB     | BIDIR     | PCI33_5     |          |      |          |          |       |
| PCI_AD<8>                          | IOB     | BIDIR     | PCI33_5     |          |      |          |          |       |
| PCI_AD<9>                          | IOB     | BIDIR     | PCI33_5     |          |      |          |          |       |
| PCI_AD<10>                         | IOB     | BIDIR     | PCI33_5     |          |      |          |          |       |
| PCI_AD<11>                         | IOB     | BIDIR     | PCI33_5     |          |      |          |          |       |
| PCI_AD<12>                         | IOB     | BIDIR     | PCI33_5     |          |      |          |          |       |
| PCI_AD<13>                         | IOB     | BIDIR     | PCI33_5     |          |      |          |          |       |
| PCI_AD<14>                         | IOB     | BIDIR     | PCI33_5     |          |      |          |          |       |
| PCI_AD<15>                         | IOB     | BIDIR     | PCI33_5     |          |      |          |          |       |
| PCI_AD<16>                         | IOB     | BIDIR     | PCI33_5     |          |      |          |          |       |
| PCI_AD<17>                         | IOB     | BIDIR     | PCI33_5     |          |      |          |          |       |
| PCI_AD<18>                         | IOB     | BIDIR     | PCI33_5     |          |      |          |          |       |
| PCI_AD<19>                         | IOB     | BIDIR     | PCI33_5     |          |      |          |          |       |
| PCI_AD<20>                         | IOB     | BIDIR     | PCI33_5     |          |      |          |          |       |
| PCI_AD<21>                         | IOB     | BIDIR     | PCI33_5     |          |      |          |          |       |
| PCI_AD<22>                         | IOB     | BIDIR     | PCI33_5     |          |      |          |          |       |
| PCI_AD<23>                         | IOB     | BIDIR     | PCI33_5     |          |      |          |          |       |
| PCI_AD<24>                         | IOB     | BIDIR     | PCI33_5     |          |      |          |          |       |
| PCI_AD<25>                         | IOB     | BIDIR     | PCI33_5     |          |      |          |          |       |
| PCI_AD<26>                         | IOB     | BIDIR     | PCI33_5     |          |      |          |          |       |
| PCI_AD<27>                         | IOB     | BIDIR     | PCI33_5     |          |      |          |          |       |
| PCI_AD<28>                         | IOB     | BIDIR     | PCI33_5     |          |      |          |          |       |
| PCI_AD<29>                         | IOB     | BIDIR     | PCI33_5     |          |      |          |          |       |
| PCI_AD<30>                         | IOB     | BIDIR     | PCI33_5     |          |      |          |          |       |
| PCI_AD<31>                         | IOB     | BIDIR     | PCI33_5     |          |      |          |          |       |
| PCI_CBE<0>                         | IOB     | INPUT     | PCI33_5     |          |      |          |          |       |
| PCI_CBE<1>                         | IOB     | INPUT     | PCI33_5     |          |      |          |          |       |
| PCI_CBE<2>                         | IOB     | INPUT     | PCI33_5     |          |      |          |          |       |
| PCI_CBE<3>                         | IOB     | INPUT     | PCI33_5     |          |      |          |          |       |
| PCI_DEVSELn                        | IOB     | BIDIR     | PCI33_5     |          |      |          |          |       |
| PCI_FRAMEn                         | IOB     | INPUT     | PCI33_5     |          |      |          |          |       |
| PCI_GNTn                           | IOB     | INPUT     | PCI33_5     |          |      |          |          |       |
| PCI_IDSEL                          | IOB     | INPUT     | PCI33_5     |          |      |          |          |       |
| PCI_INTAn                          | IOB     | OUTPUT    | LVTTL       | 12       | SLOW |          |          |       |
| PCI_IRDYn                          | IOB     | INPUT     | PCI33_5     |          |      |          |          |       |
| PCI_LOCKn                          | IOB     | INPUT     | PCI33_5     |          |      |          |          |       |
| PCI_PAR                            | IOB     | INPUT     | PCI33_5     |          |      |          |          |       |
| PCI_PERRn                          | IOB     | INPUT     | PCI33_5     |          |      |          |          |       |
| PCI_REQn                           | IOB     | BIDIR     | PCI33_5     |          |      |          |          |       |
| PCI_RSTn                           | IOB     | INPUT     | PCI33_5     |          |      |          |          |       |
| PCI_SERRn                          | IOB     | INPUT     | PCI33_5     |          |      |          |          |       |
| PCI_STOPn                          | IOB     | BIDIR     | PCI33_5     |          |      |          |          |       |
| PCI_TRDYn                          | IOB     | BIDIR     | PCI33_5     |          |      |          |          |       |
| USB_D<0>                           | IOB     | OUTPUT    | LVTTL       | 12       | SLOW |          |          |       |
| USB_D<1>                           | IOB     | OUTPUT    | LVTTL       | 12       | SLOW |          |          |       |
| USB_D<2>                           | IOB     | OUTPUT    | LVTTL       | 12       | SLOW |          |          |       |
| USB_D<3>                           | IOB     | OUTPUT    | LVTTL       | 12       | SLOW |          |          |       |
| USB_D<4>                           | IOB     | OUTPUT    | LVTTL       | 12       | SLOW |          |          |       |
| USB_D<5>                           | IOB     | OUTPUT    | LVTTL       | 12       | SLOW |          |          |       |
| USB_D<6>                           | IOB     | OUTPUT    | LVTTL       | 12       | SLOW |          |          |       |
| USB_D<7>                           | IOB     | OUTPUT    | LVTTL       | 12       | SLOW |          |          |       |
| USB_FRDn                           | IOB     | INPUT     | LVTTL       |          |      |          |          |       |
+------------------------------------------------------------------------------------------------------------------------+

Section 7 - RPMs
----------------

Section 8 - Guide Report
------------------------
Guide not run on this design.

Section 9 - Area Group and Partition Summary
--------------------------------------------

Area Group Information
----------------------

  No area groups were found in this design.

----------------------

Section 10 - Modular Design Summary
-----------------------------------
Modular Design not used for this design.

Section 11 - Timing Report
--------------------------
No timing report for this architecture.

Section 12 - Configuration String Details
-----------------------------------------
Use the "-detail" map option to print out Configuration Strings

Section 13 - Control Set Information
------------------------------------
No control set information for this architecture.
